<?xml version="1.0" encoding="UTF-8"?>
<coverage generated="1761435609326" clover="3.2.0">
  <project timestamp="1761435609326" name="All files">
    <metrics statements="2" coveredstatements="2" conditionals="4" coveredconditionals="4" methods="1" coveredmethods="1" elements="7" coveredelements="7" complexity="0" loc="2" ncloc="2" packages="1" files="1" classes="1"/>
    <file name="coordinates.ts" path="/Users/damianczechowski/projects/battleships/src/utils/coordinates.ts">
      <metrics statements="2" coveredstatements="2" conditionals="4" coveredconditionals="4" methods="1" coveredmethods="1"/>
      <line num="17" count="1" type="stmt"/>
      <line num="18" count="8" type="cond" truecount="4" falsecount="0"/>
    </file>
  </project>
</coverage>
