{"/Users/damianczechowski/projects/battleships/src/utils/coordinates.ts": {"path":"/Users/damianczechowski/projects/battleships/src/utils/coordinates.ts","statementMap":{"0":{"start":{"line":17,"column":0},"end":{"line":17,"column":16}},"1":{"start":{"line":18,"column":2},"end":{"line":18,"column":54}}},"fnMap":{"0":{"name":"isPositionValid","decl":{"start":{"line":17,"column":16},"end":{"line":17,"column":31}},"loc":{"start":{"line":17,"column":56},"end":{"line":19,"column":1}}}},"branchMap":{"0":{"loc":{"start":{"line":18,"column":9},"end":{"line":18,"column":53}},"type":"binary-expr","locations":[{"start":{"line":18,"column":9},"end":{"line":18,"column":17}},{"start":{"line":18,"column":21},"end":{"line":18,"column":29}},{"start":{"line":18,"column":33},"end":{"line":18,"column":41}},{"start":{"line":18,"column":45},"end":{"line":18,"column":53}}]}},"s":{"0":1,"1":8},"f":{"0":8},"b":{"0":[8,6,5,4]}}
}
